c:\users\josh cunningham\desktop\et wars\etwars\etwars\debug\vc120.pdb
c:\users\josh cunningham\desktop\et wars\etwars\etwars\debug\vc120.idb
c:\users\josh cunningham\desktop\et wars\etwars\etwars\debug\block.obj
c:\users\josh cunningham\desktop\et wars\etwars\etwars\debug\etwars.obj
c:\users\josh cunningham\desktop\et wars\etwars\etwars\debug\gridfactory.obj
c:\users\josh cunningham\desktop\et wars\etwars\etwars\debug\pugixml.obj
c:\users\josh cunningham\desktop\et wars\etwars\etwars\debug\debugshape.obj
c:\users\josh cunningham\desktop\et wars\etwars\etwars\debug\maplayer.obj
c:\users\josh cunningham\desktop\et wars\etwars\etwars\debug\maploaderprivate.obj
c:\users\josh cunningham\desktop\et wars\etwars\etwars\debug\maploaderpublic.obj
c:\users\josh cunningham\desktop\et wars\etwars\etwars\debug\mapobject.obj
c:\users\josh cunningham\desktop\et wars\etwars\etwars\debug\quadtreenode.obj
c:\users\josh cunningham\desktop\et wars\etwars\debug\etwars.ilk
c:\users\josh cunningham\desktop\et wars\etwars\debug\etwars.exe
c:\users\josh cunningham\desktop\et wars\etwars\debug\etwars.pdb
c:\users\josh cunningham\desktop\et wars\etwars\etwars\debug\etwars.tlog\cl.command.1.tlog
c:\users\josh cunningham\desktop\et wars\etwars\etwars\debug\etwars.tlog\cl.read.1.tlog
c:\users\josh cunningham\desktop\et wars\etwars\etwars\debug\etwars.tlog\cl.write.1.tlog
c:\users\josh cunningham\desktop\et wars\etwars\etwars\debug\etwars.tlog\link.command.1.tlog
c:\users\josh cunningham\desktop\et wars\etwars\etwars\debug\etwars.tlog\link.read.1.tlog
c:\users\josh cunningham\desktop\et wars\etwars\etwars\debug\etwars.tlog\link.write.1.tlog
